# JRE version: Java(TM) SE Runtime Environment (7.0_67-b01) (build 1.7.0_67-b01)
# Java VM: Java HotSpot(TM) 64-Bit Server VM (24.65-b04 mixed mode windows-amd64 compressed oops)
Heap
 PSYoungGen      total 29184K, used 8622K [0x00000007d5500000, 0x00000007d7b00000, 0x0000000800000000)
  eden space 23552K, 13% used [0x00000007d5500000,0x00000007d5814838,0x00000007d6c00000)
  from space 5632K, 97% used [0x00000007d6c80000,0x00000007d71d72a8,0x00000007d7200000)
  to   space 7680K, 0% used [0x00000007d7380000,0x00000007d7380000,0x00000007d7b00000)
 ParOldGen       total 64000K, used 10602K [0x0000000780000000, 0x0000000783e80000, 0x00000007d5500000)
  object space 64000K, 16% used [0x0000000780000000,0x0000000780a5aa68,0x0000000783e80000)
 PSPermGen       total 21504K, used 15035K [0x000000077ae00000, 0x000000077c300000, 0x0000000780000000)
  object space 21504K, 69% used [0x000000077ae00000,0x000000077bcaeca8,0x000000077c300000)
GC Heap History (10 events):
Event: 9.108 GC heap before
{Heap before GC invocations=3 (full 0):
 PSYoungGen      total 28672K, used 28666K [0x00000007d5500000, 0x00000007d7480000, 0x0000000800000000)
  eden space 25088K, 100% used [0x00000007d5500000,0x00000007d6d80000,0x00000007d6d80000)
  from space 3584K, 99% used [0x00000007d7100000,0x00000007d747e818,0x00000007d7480000)
  to   space 3584K, 0% used [0x00000007d6d80000,0x00000007d6d80000,0x00000007d7100000)
 ParOldGen       total 64000K, used 1944K [0x0000000780000000, 0x0000000783e80000, 0x00000007d5500000)
  object space 64000K, 3% used [0x0000000780000000,0x00000007801e60a8,0x0000000783e80000)
 PSPermGen       total 21504K, used 11446K [0x000000077ae00000, 0x000000077c300000, 0x0000000780000000)
  object space 21504K, 53% used [0x000000077ae00000,0x000000077b92d850,0x000000077c300000)
Event: 9.117 GC heap after
Heap after GC invocations=3 (full 0):
 PSYoungGen      total 28672K, used 3573K [0x00000007d5500000, 0x00000007d7480000, 0x0000000800000000)
  eden space 25088K, 0% used [0x00000007d5500000,0x00000007d5500000,0x00000007d6d80000)
  from space 3584K, 99% used [0x00000007d6d80000,0x00000007d70fd440,0x00000007d7100000)
  to   space 3584K, 0% used [0x00000007d7100000,0x00000007d7100000,0x00000007d7480000)
 ParOldGen       total 64000K, used 4866K [0x0000000780000000, 0x0000000783e80000, 0x00000007d5500000)
  object space 64000K, 7% used [0x0000000780000000,0x00000007804c0800,0x0000000783e80000)
 PSPermGen       total 21504K, used 11446K [0x000000077ae00000, 0x000000077c300000, 0x0000000780000000)
  object space 21504K, 53% used [0x000000077ae00000,0x000000077b92d850,0x000000077c300000)
}
Event: 11.146 GC heap before
{Heap before GC invocations=4 (full 0):
 PSYoungGen      total 28672K, used 28661K [0x00000007d5500000, 0x00000007d7480000, 0x0000000800000000)
  eden space 25088K, 100% used [0x00000007d5500000,0x00000007d6d80000,0x00000007d6d80000)
  from space 3584K, 99% used [0x00000007d6d80000,0x00000007d70fd440,0x00000007d7100000)
  to   space 3584K, 0% used [0x00000007d7100000,0x00000007d7100000,0x00000007d7480000)
 ParOldGen       total 64000K, used 4866K [0x0000000780000000, 0x0000000783e80000, 0x00000007d5500000)
  object space 64000K, 7% used [0x0000000780000000,0x00000007804c0800,0x0000000783e80000)
 PSPermGen       total 21504K, used 14010K [0x000000077ae00000, 0x000000077c300000, 0x0000000780000000)
  object space 21504K, 65% used [0x000000077ae00000,0x000000077bbae918,0x000000077c300000)
Event: 11.160 GC heap after
Heap after GC invocations=4 (full 0):
 PSYoungGen      total 28672K, used 3564K [0x00000007d5500000, 0x00000007d7480000, 0x0000000800000000)
  eden space 25088K, 0% used [0x00000007d5500000,0x00000007d5500000,0x00000007d6d80000)
  from space 3584K, 99% used [0x00000007d7100000,0x00000007d747b2b0,0x00000007d7480000)
  to   space 3584K, 0% used [0x00000007d6d80000,0x00000007d6d80000,0x00000007d7100000)
 ParOldGen       total 64000K, used 8640K [0x0000000780000000, 0x0000000783e80000, 0x00000007d5500000)
  object space 64000K, 13% used [0x0000000780000000,0x0000000780870008,0x0000000783e80000)
 PSPermGen       total 21504K, used 14010K [0x000000077ae00000, 0x000000077c300000, 0x0000000780000000)
  object space 21504K, 65% used [0x000000077ae00000,0x000000077bbae918,0x000000077c300000)
}
Event: 12.547 GC heap before
{Heap before GC invocations=5 (full 0):
 PSYoungGen      total 28672K, used 28652K [0x00000007d5500000, 0x00000007d7480000, 0x0000000800000000)
  eden space 25088K, 100% used [0x00000007d5500000,0x00000007d6d80000,0x00000007d6d80000)
  from space 3584K, 99% used [0x00000007d7100000,0x00000007d747b2b0,0x00000007d7480000)
  to   space 3584K, 0% used [0x00000007d6d80000,0x00000007d6d80000,0x00000007d7100000)
 ParOldGen       total 64000K, used 8640K [0x0000000780000000, 0x0000000783e80000, 0x00000007d5500000)
  object space 64000K, 13% used [0x0000000780000000,0x0000000780870008,0x0000000783e80000)
 PSPermGen       total 21504K, used 14084K [0x000000077ae00000, 0x000000077c300000, 0x0000000780000000)
  object space 21504K, 65% used [0x000000077ae00000,0x000000077bbc13e0,0x000000077c300000)
Event: 12.556 GC heap after
Heap after GC invocations=5 (full 0):
 PSYoungGen      total 28160K, used 3559K [0x00000007d5500000, 0x00000007d7d00000, 0x0000000800000000)
  eden space 24576K, 0% used [0x00000007d5500000,0x00000007d5500000,0x00000007d6d00000)
  from space 3584K, 99% used [0x00000007d6d80000,0x00000007d70f9eb0,0x00000007d7100000)
  to   space 8192K, 0% used [0x00000007d7500000,0x00000007d7500000,0x00000007d7d00000)
 ParOldGen       total 64000K, used 10035K [0x0000000780000000, 0x0000000783e80000, 0x00000007d5500000)
  object space 64000K, 15% used [0x0000000780000000,0x00000007809ccc08,0x0000000783e80000)
 PSPermGen       total 21504K, used 14084K [0x000000077ae00000, 0x000000077c300000, 0x0000000780000000)
  object space 21504K, 65% used [0x000000077ae00000,0x000000077bbc13e0,0x000000077c300000)
}
Event: 63.585 GC heap before
{Heap before GC invocations=6 (full 0):
 PSYoungGen      total 28160K, used 28135K [0x00000007d5500000, 0x00000007d7d00000, 0x0000000800000000)
  eden space 24576K, 100% used [0x00000007d5500000,0x00000007d6d00000,0x00000007d6d00000)
  from space 3584K, 99% used [0x00000007d6d80000,0x00000007d70f9eb0,0x00000007d7100000)
  to   space 8192K, 0% used [0x00000007d7500000,0x00000007d7500000,0x00000007d7d00000)
 ParOldGen       total 64000K, used 10035K [0x0000000780000000, 0x0000000783e80000, 0x00000007d5500000)
  object space 64000K, 15% used [0x0000000780000000,0x00000007809ccc08,0x0000000783e80000)
 PSPermGen       total 21504K, used 14956K [0x000000077ae00000, 0x000000077c300000, 0x0000000780000000)
  object space 21504K, 69% used [0x000000077ae00000,0x000000077bc9b248,0x000000077c300000)
Event: 63.593 GC heap after
Heap after GC invocations=6 (full 0):
 PSYoungGen      total 30720K, used 5382K [0x00000007d5500000, 0x00000007d7b80000, 0x0000000800000000)
  eden space 24064K, 0% used [0x00000007d5500000,0x00000007d5500000,0x00000007d6c80000)
  from space 6656K, 80% used [0x00000007d7500000,0x00000007d7a41848,0x00000007d7b80000)
  to   space 7680K, 0% used [0x00000007d6c80000,0x00000007d6c80000,0x00000007d7400000)
 ParOldGen       total 64000K, used 10043K [0x0000000780000000, 0x0000000783e80000, 0x00000007d5500000)
  object space 64000K, 15% used [0x0000000780000000,0x00000007809cec08,0x0000000783e80000)
 PSPermGen       total 21504K, used 14956K [0x000000077ae00000, 0x000000077c300000, 0x0000000780000000)
  object space 21504K, 69% used [0x000000077ae00000,0x000000077bc9b248,0x000000077c300000)
}
Event: 66.360 GC heap before
{Heap before GC invocations=7 (full 0):
 PSYoungGen      total 30720K, used 29446K [0x00000007d5500000, 0x00000007d7b80000, 0x0000000800000000)
  eden space 24064K, 100% used [0x00000007d5500000,0x00000007d6c80000,0x00000007d6c80000)
  from space 6656K, 80% used [0x00000007d7500000,0x00000007d7a41848,0x00000007d7b80000)
  to   space 7680K, 0% used [0x00000007d6c80000,0x00000007d6c80000,0x00000007d7400000)
 ParOldGen       total 64000K, used 10043K [0x0000000780000000, 0x0000000783e80000, 0x00000007d5500000)
  object space 64000K, 15% used [0x0000000780000000,0x00000007809cec08,0x0000000783e80000)
 PSPermGen       total 21504K, used 15028K [0x000000077ae00000, 0x000000077c300000, 0x0000000780000000)
  object space 21504K, 69% used [0x000000077ae00000,0x000000077bcad250,0x000000077c300000)
Event: 66.373 GC heap after
Heap after GC invocations=7 (full 0):
 PSYoungGen      total 29184K, used 5468K [0x00000007d5500000, 0x00000007d7b00000, 0x0000000800000000)
  eden space 23552K, 0% used [0x00000007d5500000,0x00000007d5500000,0x00000007d6c00000)
  from space 5632K, 97% used [0x00000007d6c80000,0x00000007d71d72a8,0x00000007d7200000)
  to   space 7680K, 0% used [0x00000007d7380000,0x00000007d7380000,0x00000007d7b00000)
 ParOldGen       total 64000K, used 10602K [0x0000000780000000, 0x0000000783e80000, 0x00000007d5500000)
  object space 64000K, 16% used [0x0000000780000000,0x0000000780a5aa68,0x0000000783e80000)
 PSPermGen       total 21504K, used 15028K [0x000000077ae00000, 0x000000077c300000, 0x0000000780000000)
  object space 21504K, 69% used [0x000000077ae00000,0x000000077bcad250,0x000000077c300000)
}

